<?xml version="1.0" encoding="UTF-8"?>
<!-- Generated by org.testng.reporters.JUnitReportReporter -->
<testsuite ignored="0" hostname="c-dzuniga" failures="0" tests="1" name="searchTestCases.TC_03_SearchByName" time="4.926" errors="0" timestamp="11 nov. 2021 01:24:25 GMT" skipped="0">
  <testcase classname="searchTestCases.TC_03_SearchByName" name="TC_03" time="4.926"/>
</testsuite> <!-- searchTestCases.TC_03_SearchByName -->
