<?xml version="1.0" encoding="UTF-8"?>
<!-- Generated by org.testng.reporters.JUnitReportReporter -->
<testsuite ignored="0" hostname="LTPMXMTY2482441" failures="0" tests="1" name="loginTests.TC_04_Login" time="1.723" errors="0" timestamp="13 Nov 2021 14:46:10 GMT" skipped="0">
  <testcase classname="loginTests.TC_04_Login" name="TC_04" time="1.723"/>
</testsuite> <!-- loginTests.TC_04_Login -->
