<?xml version="1.0" encoding="UTF-8"?>
<!-- Generated by org.testng.reporters.JUnitReportReporter -->
<testsuite ignored="0" hostname="DESKTOP-FI4NM53" failures="0" tests="1" name="loginTests.TC_02_logout" time="2.362" errors="0" timestamp="06 Nov 2021 17:58:17 GMT" skipped="0">
  <testcase classname="loginTests.TC_02_logout" name="TC_01" time="2.362"/>
</testsuite> <!-- loginTests.TC_02_logout -->
