<?xml version="1.0" encoding="UTF-8"?>
<!-- Generated by org.testng.reporters.JUnitReportReporter -->
<testsuite ignored="0" hostname="DESKTOP-FI4NM53" failures="0" tests="1" name="testing.NewTest" time="3.251" errors="0" timestamp="16 Oct 2021 15:47:19 GMT" skipped="0">
  <testcase classname="testing.NewTest" name="f" time="3.251"/>
</testsuite> <!-- testing.NewTest -->
