<?xml version="1.0" encoding="UTF-8"?>
<!-- Generated by org.testng.reporters.JUnitReportReporter -->
<testsuite hostname="LTPMXMTY2482441" failures="0" tests="1" name="loginTests.TC_05_Login" time="1.769" errors="0" timestamp="2021-11-13T10:15:25 CST" skipped="0">
  <testcase classname="loginTests.TC_05_Login" name="TC_05" time="1.769"/>
  <system-out/>
</testsuite> <!-- loginTests.TC_05_Login -->
