<?xml version="1.0" encoding="UTF-8"?>
<!-- Generated by org.testng.reporters.JUnitReportReporter -->
<testsuite hostname="LTPMXMTY2482441" failures="0" tests="1" name="loginTests.TC_06_Login" time="1.292" errors="0" timestamp="2021-11-13T11:10:16 CST" skipped="0">
  <testcase classname="loginTests.TC_06_Login" name="TC_05" time="1.292"/>
  <system-out/>
</testsuite> <!-- loginTests.TC_06_Login -->
