<?xml version="1.0" encoding="UTF-8"?>
<!-- Generated by org.testng.reporters.JUnitReportReporter -->
<testsuite hostname="LTPMXMTY2482441" failures="0" tests="1" name="loginTests.TC_01_Login" time="1.572" errors="0" timestamp="2021-11-19T20:02:25 CST" skipped="0">
  <testcase classname="loginTests.TC_01_Login" name="TC_01" time="1.572"/>
  <system-out/>
</testsuite> <!-- loginTests.TC_01_Login -->
