<?xml version="1.0" encoding="UTF-8"?>
<!-- Generated by org.testng.reporters.JUnitReportReporter -->
<testsuite ignored="0" hostname="LTPMXMTY2482441" failures="0" tests="1" name="searchTestCases.TC_03_SearchByName" time="5.240" errors="0" timestamp="13 Nov 2021 15:13:26 GMT" skipped="0">
  <testcase classname="searchTestCases.TC_03_SearchByName" name="TC_03" time="5.240"/>
</testsuite> <!-- searchTestCases.TC_03_SearchByName -->
